{
  "uid" : "1b0f3d48cf4058e2",
  "name" : "Testing For Assigning Leave To Employee",
  "historyId" : "1e8c25a94cadb73386c52ef0b01d8270",
  "time" : {
    "start" : 1593512229229,
    "stop" : 1593512250486,
    "duration" : 21257
  },
  "status" : "broken",
  "statusMessage" : "selenium.common.exceptions.ElementNotInteractableException: Message: element not interactable\n  (Session info: headless chrome=83.0.4103.116)\n\n",
  "statusTrace" : "  File \"c:\\users\\sanathkumar vignesh\\pycharmprojects\\first_project\\venv\\lib\\site-packages\\behave\\model.py\", line 1329, in run\n    match.run(runner.context)\n  File \"c:\\users\\sanathkumar vignesh\\pycharmprojects\\first_project\\venv\\lib\\site-packages\\behave\\matchers.py\", line 98, in run\n    self.func(context, *args, **kwargs)\n  File \"features\\steps\\assign_leave.py\", line 61, in step_impl\n    context.assignleave.click_ok_confirm()\n  File \"C:\\Users\\SanathKumar Vignesh\\PycharmProjects\\First_Project\\features\\pages\\assignleave.py\", line 47, in click_ok_confirm\n    return self.driver.find_element_by_xpath(self.btn_confirm_ok_xpath).click()\n  File \"c:\\users\\sanathkumar vignesh\\pycharmprojects\\first_project\\venv\\lib\\site-packages\\selenium\\webdriver\\remote\\webelement.py\", line 80, in click\n    self._execute(Command.CLICK_ELEMENT)\n  File \"c:\\users\\sanathkumar vignesh\\pycharmprojects\\first_project\\venv\\lib\\site-packages\\selenium\\webdriver\\remote\\webelement.py\", line 633, in _execute\n    return self._parent.execute(command, params)\n  File \"c:\\users\\sanathkumar vignesh\\pycharmprojects\\first_project\\venv\\lib\\site-packages\\selenium\\webdriver\\remote\\webdriver.py\", line 321, in execute\n    self.error_handler.check_response(response)\n  File \"c:\\users\\sanathkumar vignesh\\pycharmprojects\\first_project\\venv\\lib\\site-packages\\selenium\\webdriver\\remote\\errorhandler.py\", line 242, in check_response\n    raise exception_class(message, screen, stacktrace)\n",
  "flaky" : false,
  "newFailed" : false,
  "beforeStages" : [ ],
  "testStage" : {
    "status" : "broken",
    "statusMessage" : "selenium.common.exceptions.ElementNotInteractableException: Message: element not interactable\n  (Session info: headless chrome=83.0.4103.116)\n\n",
    "statusTrace" : "  File \"c:\\users\\sanathkumar vignesh\\pycharmprojects\\first_project\\venv\\lib\\site-packages\\behave\\model.py\", line 1329, in run\n    match.run(runner.context)\n  File \"c:\\users\\sanathkumar vignesh\\pycharmprojects\\first_project\\venv\\lib\\site-packages\\behave\\matchers.py\", line 98, in run\n    self.func(context, *args, **kwargs)\n  File \"features\\steps\\assign_leave.py\", line 61, in step_impl\n    context.assignleave.click_ok_confirm()\n  File \"C:\\Users\\SanathKumar Vignesh\\PycharmProjects\\First_Project\\features\\pages\\assignleave.py\", line 47, in click_ok_confirm\n    return self.driver.find_element_by_xpath(self.btn_confirm_ok_xpath).click()\n  File \"c:\\users\\sanathkumar vignesh\\pycharmprojects\\first_project\\venv\\lib\\site-packages\\selenium\\webdriver\\remote\\webelement.py\", line 80, in click\n    self._execute(Command.CLICK_ELEMENT)\n  File \"c:\\users\\sanathkumar vignesh\\pycharmprojects\\first_project\\venv\\lib\\site-packages\\selenium\\webdriver\\remote\\webelement.py\", line 633, in _execute\n    return self._parent.execute(command, params)\n  File \"c:\\users\\sanathkumar vignesh\\pycharmprojects\\first_project\\venv\\lib\\site-packages\\selenium\\webdriver\\remote\\webdriver.py\", line 321, in execute\n    self.error_handler.check_response(response)\n  File \"c:\\users\\sanathkumar vignesh\\pycharmprojects\\first_project\\venv\\lib\\site-packages\\selenium\\webdriver\\remote\\errorhandler.py\", line 242, in check_response\n    raise exception_class(message, screen, stacktrace)\n",
    "steps" : [ {
      "name" : "Given I login to the OrangeHRMS",
      "time" : {
        "start" : 1593512229232,
        "stop" : 1593512232099,
        "duration" : 2867
      },
      "status" : "passed",
      "steps" : [ ],
      "attachments" : [ ],
      "parameters" : [ ],
      "shouldDisplayMessage" : false,
      "attachmentsCount" : 0,
      "stepsCount" : 0,
      "hasContent" : false
    }, {
      "name" : "When I click on the \"Quick Assign Leave\"",
      "time" : {
        "start" : 1593512232100,
        "stop" : 1593512233030,
        "duration" : 930
      },
      "status" : "passed",
      "steps" : [ ],
      "attachments" : [ ],
      "parameters" : [ ],
      "shouldDisplayMessage" : false,
      "attachmentsCount" : 0,
      "stepsCount" : 0,
      "hasContent" : false
    }, {
      "name" : "And I Filling all the required fields to assign leave",
      "time" : {
        "start" : 1593512233030,
        "stop" : 1593512250483,
        "duration" : 17453
      },
      "status" : "broken",
      "statusMessage" : "selenium.common.exceptions.ElementNotInteractableException: Message: element not interactable\n  (Session info: headless chrome=83.0.4103.116)\n\n",
      "statusTrace" : "  File \"c:\\users\\sanathkumar vignesh\\pycharmprojects\\first_project\\venv\\lib\\site-packages\\behave\\model.py\", line 1329, in run\n    match.run(runner.context)\n  File \"c:\\users\\sanathkumar vignesh\\pycharmprojects\\first_project\\venv\\lib\\site-packages\\behave\\matchers.py\", line 98, in run\n    self.func(context, *args, **kwargs)\n  File \"features\\steps\\assign_leave.py\", line 61, in step_impl\n    context.assignleave.click_ok_confirm()\n  File \"C:\\Users\\SanathKumar Vignesh\\PycharmProjects\\First_Project\\features\\pages\\assignleave.py\", line 47, in click_ok_confirm\n    return self.driver.find_element_by_xpath(self.btn_confirm_ok_xpath).click()\n  File \"c:\\users\\sanathkumar vignesh\\pycharmprojects\\first_project\\venv\\lib\\site-packages\\selenium\\webdriver\\remote\\webelement.py\", line 80, in click\n    self._execute(Command.CLICK_ELEMENT)\n  File \"c:\\users\\sanathkumar vignesh\\pycharmprojects\\first_project\\venv\\lib\\site-packages\\selenium\\webdriver\\remote\\webelement.py\", line 633, in _execute\n    return self._parent.execute(command, params)\n  File \"c:\\users\\sanathkumar vignesh\\pycharmprojects\\first_project\\venv\\lib\\site-packages\\selenium\\webdriver\\remote\\webdriver.py\", line 321, in execute\n    self.error_handler.check_response(response)\n  File \"c:\\users\\sanathkumar vignesh\\pycharmprojects\\first_project\\venv\\lib\\site-packages\\selenium\\webdriver\\remote\\errorhandler.py\", line 242, in check_response\n    raise exception_class(message, screen, stacktrace)\n",
      "steps" : [ ],
      "attachments" : [ ],
      "parameters" : [ ],
      "shouldDisplayMessage" : true,
      "attachmentsCount" : 0,
      "stepsCount" : 0,
      "hasContent" : true
    }, {
      "name" : "Then I must navigate to the Assign Leave page",
      "time" : {
        "start" : 1593512250486,
        "stop" : 1593512250486,
        "duration" : 0
      },
      "status" : "skipped",
      "steps" : [ ],
      "attachments" : [ ],
      "parameters" : [ ],
      "shouldDisplayMessage" : false,
      "attachmentsCount" : 0,
      "stepsCount" : 0,
      "hasContent" : false
    } ],
    "attachments" : [ ],
    "parameters" : [ ],
    "shouldDisplayMessage" : false,
    "attachmentsCount" : 0,
    "stepsCount" : 4,
    "hasContent" : true
  },
  "afterStages" : [ ],
  "labels" : [ {
    "name" : "severity",
    "value" : "normal"
  }, {
    "name" : "feature",
    "value" : "Assign leave to an employee"
  }, {
    "name" : "framework",
    "value" : "behave"
  }, {
    "name" : "language",
    "value" : "cpython3"
  }, {
    "name" : "resultFormat",
    "value" : "allure2"
  } ],
  "parameters" : [ ],
  "links" : [ ],
  "hidden" : false,
  "retry" : false,
  "extra" : {
    "severity" : "normal",
    "retries" : [ {
      "uid" : "aaf515a8c73703b8",
      "status" : "broken",
      "statusDetails" : "selenium.common.exceptions.ElementNotInteractableException: Message: element not interactable\n  (Session info: headless chrome=83.0.4103.116)\n\n",
      "time" : {
        "start" : 1593512095062,
        "stop" : 1593512116239,
        "duration" : 21177
      }
    } ],
    "categories" : [ {
      "name" : "Test defects",
      "matchedStatuses" : [ ],
      "flaky" : false
    } ],
    "history" : {
      "statistic" : {
        "failed" : 0,
        "broken" : 2,
        "skipped" : 0,
        "passed" : 0,
        "unknown" : 0,
        "total" : 2
      },
      "items" : [ {
        "uid" : "df4d80bc5326dda3",
        "status" : "broken",
        "statusDetails" : "selenium.common.exceptions.ElementNotInteractableException: Message: element not interactable\n  (Session info: headless chrome=83.0.4103.116)\n\n",
        "time" : {
          "start" : 1593512095062,
          "stop" : 1593512116239,
          "duration" : 21177
        }
      } ]
    },
    "tags" : [ ]
  },
  "source" : "1b0f3d48cf4058e2.json",
  "parameterValues" : [ ]
}